Using pre-set license
Built from '2020.3/staging' branch; Version is '2020.3.4f1 (0abb6314276a) revision 703331'; Using compiler version '192528614'; Build Type 'Release'
OS: 'Windows 10 Pro; OS build 19043.1415; Version 2009; 64bit' Language: 'en' Physical Memory: 32717 MB
BatchMode: 1, IsHumanControllingUs: 0, StartBugReporterOnCrash: 0, Is64bit: 1, IsPro: 0

 COMMAND LINE ARGUMENTS:
E:\Program files F\Unity\Unity Hub\Editor\2020.3.4f1\Editor\Unity.exe
-adb2
-batchMode
-noUpm
-name
AssetImportWorker0
-projectPath
E:/Program files F/UnityProjects/Deldun-Project
-logFile
Logs/AssetImportWorker0.log
-srvPort
65037
Successfully changed project path to: E:/Program files F/UnityProjects/Deldun-Project
E:/Program files F/UnityProjects/Deldun-Project
Using Asset Import Pipeline V2.
Refreshing native plugins compatible for Editor in 60.71 ms, found 1 plugins.
Preloading 0 native plugins for Editor in 0.00 ms.
Initialize engine version: 2020.3.4f1 (0abb6314276a)
[Subsystems] Discovering subsystems at path E:/Program files F/Unity/Unity Hub/Editor/2020.3.4f1/Editor/Data/Resources/UnitySubsystems
[Subsystems] Discovering subsystems at path E:/Program files F/UnityProjects/Deldun-Project/Assets
GfxDevice: creating device client; threaded=0
Direct3D:
    Version:  Direct3D 11.0 [level 11.1]
    Renderer: NVIDIA GeForce RTX 2070 SUPER (ID=0x1e84)
    Vendor:   
    VRAM:     8011 MB
    Driver:   30.0.14.9649
Shader 'Universal Render Pipeline/Particles/Lit': fallback shader 'Universal Render Pipeline/Particles/SimpleLit' not found
Initialize mono
Mono path[0] = 'E:/Program files F/Unity/Unity Hub/Editor/2020.3.4f1/Editor/Data/Managed'
Mono path[1] = 'E:/Program files F/Unity/Unity Hub/Editor/2020.3.4f1/Editor/Data/MonoBleedingEdge/lib/mono/unityjit'
Mono config path = 'E:/Program files F/Unity/Unity Hub/Editor/2020.3.4f1/Editor/Data/MonoBleedingEdge/etc'
Using monoOptions --debugger-agent=transport=dt_socket,embedding=1,server=y,suspend=n,address=127.0.0.1:56296
Begin MonoManager ReloadAssembly
Registering precompiled unity dll's ...
Register platform support module: E:/Program files F/Unity/Unity Hub/Editor/2020.3.4f1/Editor/Data/PlaybackEngines/WebGLSupport/UnityEditor.WebGL.Extensions.dll
Register platform support module: E:/Program files F/Unity/Unity Hub/Editor/2020.3.4f1/Editor/Data/PlaybackEngines/WindowsStandaloneSupport/UnityEditor.WindowsStandalone.Extensions.dll
Register platform support module: E:/Program files F/Unity/Unity Hub/Editor/2020.3.4f1/Editor/Data/PlaybackEngines/LinuxStandaloneSupport/UnityEditor.LinuxStandalone.Extensions.dll
Registered in 0.001525 seconds.
Native extension for LinuxStandalone target not found
Native extension for WindowsStandalone target not found
Native extension for WebGL target not found
Refreshing native plugins compatible for Editor in 66.41 ms, found 1 plugins.
Preloading 0 native plugins for Editor in 0.00 ms.
Mono: successfully reloaded assembly
- Completed reload, in  1.968 seconds
Platform modules already initialized, skipping
Registering precompiled user dll's ...
Registered in 0.002141 seconds.
Begin MonoManager ReloadAssembly
Native extension for LinuxStandalone target not found
Native extension for WindowsStandalone target not found
Native extension for WebGL target not found
Refreshing native plugins compatible for Editor in 67.16 ms, found 1 plugins.
Preloading 0 native plugins for Editor in 0.00 ms.
Mono: successfully reloaded assembly
- Completed reload, in  1.031 seconds
Platform modules already initialized, skipping
========================================================================
Worker process is ready to serve import requests
Shader 'Universal Render Pipeline/Particles/Lit': fallback shader 'Universal Render Pipeline/Particles/SimpleLit' not found
Launched and connected shader compiler UnityShaderCompiler.exe after 0.12 seconds
Refreshing native plugins compatible for Editor in 0.71 ms, found 1 plugins.
Preloading 0 native plugins for Editor in 0.00 ms.
Unloading 3351 Unused Serialized files (Serialized files now loaded: 0)
System memory in use before: 150.6 MB.
System memory in use after: 150.7 MB.

Unloading 26 unused Assets to reduce memory usage. Loaded Objects now: 3797.
Total: 2.946900 ms (FindLiveObjects: 0.428900 ms CreateObjectMapping: 0.088700 ms MarkObjects: 2.247600 ms  DeleteObjects: 0.179400 ms)

========================================================================
Received Import Request.
  path: Assets/Prefabs/Game Manager.prefab
  artifactKey: Guid(b09438eca7e2e1245b8f4a4fbf4c8671) Importer(815301076,1909f56bfc062723c751e8b465ee728b)
Start importing Assets/Prefabs/Game Manager.prefab using Guid(b09438eca7e2e1245b8f4a4fbf4c8671) Importer(815301076,1909f56bfc062723c751e8b465ee728b)  -> (artifact id: '3a1675859b5be586b4904d2fa0bc47ab') in 0.183750 seconds
  Import took 0.191276 seconds .

========================================================================
Received Prepare
Registering precompiled user dll's ...
Registered in 0.002100 seconds.
Begin MonoManager ReloadAssembly
Native extension for LinuxStandalone target not found
Native extension for WindowsStandalone target not found
Native extension for WebGL target not found
Refreshing native plugins compatible for Editor in 0.75 ms, found 1 plugins.
Preloading 0 native plugins for Editor in 0.00 ms.
Mono: successfully reloaded assembly
- Completed reload, in  1.015 seconds
Platform modules already initialized, skipping
Shader 'Universal Render Pipeline/Particles/Lit': fallback shader 'Universal Render Pipeline/Particles/SimpleLit' not found
Refreshing native plugins compatible for Editor in 0.90 ms, found 1 plugins.
Preloading 0 native plugins for Editor in 0.00 ms.
Unloading 3245 Unused Serialized files (Serialized files now loaded: 0)
System memory in use before: 140.8 MB.
System memory in use after: 140.9 MB.

Unloading 17 unused Assets to reduce memory usage. Loaded Objects now: 3801.
Total: 3.267400 ms (FindLiveObjects: 0.425400 ms CreateObjectMapping: 0.083600 ms MarkObjects: 2.612000 ms  DeleteObjects: 0.144000 ms)

========================================================================
Received Import Request.
  Time since last request: 338.292476 seconds.
  path: Assets/Prefabs/Game Manager.prefab
  artifactKey: Guid(b09438eca7e2e1245b8f4a4fbf4c8671) Importer(815301076,1909f56bfc062723c751e8b465ee728b)
Start importing Assets/Prefabs/Game Manager.prefab using Guid(b09438eca7e2e1245b8f4a4fbf4c8671) Importer(815301076,1909f56bfc062723c751e8b465ee728b)  -> (artifact id: '0cd0a5f1580553f7f75235c78ec0c858') in 0.077633 seconds
  Import took 0.084486 seconds .

========================================================================
Received Import Request.
  Time since last request: 37.412241 seconds.
  path: Assets/Prefabs/Game Manager.prefab
  artifactKey: Guid(b09438eca7e2e1245b8f4a4fbf4c8671) Importer(815301076,1909f56bfc062723c751e8b465ee728b)
Start importing Assets/Prefabs/Game Manager.prefab using Guid(b09438eca7e2e1245b8f4a4fbf4c8671) Importer(815301076,1909f56bfc062723c751e8b465ee728b)  -> (artifact id: '5f914f18b9af553efc6817c2fe32550b') in 0.014712 seconds
  Import took 0.022102 seconds .

========================================================================
Received Import Request.
  Time since last request: 17.843734 seconds.
  path: ProjectSettings/TagManager.asset
  artifactKey: Guid(00000000000000003000000000000000) Importer(815301076,1909f56bfc062723c751e8b465ee728b)
Start importing ProjectSettings/TagManager.asset using Guid(00000000000000003000000000000000) Importer(815301076,1909f56bfc062723c751e8b465ee728b)  -> (artifact id: '7982b479380a0b875f0196e07f6ccfd8') in 0.007796 seconds
  Import took 0.012935 seconds .

========================================================================
Received Import Request.
  Time since last request: 170.434703 seconds.
  path: Assets/Scenes/Menu.unity
  artifactKey: Guid(f6380114618848d4eb13c17b15e2da21) Importer(815301076,1909f56bfc062723c751e8b465ee728b)
Start importing Assets/Scenes/Menu.unity using Guid(f6380114618848d4eb13c17b15e2da21) Importer(815301076,1909f56bfc062723c751e8b465ee728b)  -> (artifact id: 'c494d2d2130730b26ddef482cb86e792') in 0.009906 seconds
  Import took 0.015598 seconds .

========================================================================
Received Prepare
Registering precompiled user dll's ...
Registered in 0.003209 seconds.
Begin MonoManager ReloadAssembly
Native extension for LinuxStandalone target not found
Native extension for WindowsStandalone target not found
Native extension for WebGL target not found
Refreshing native plugins compatible for Editor in 0.69 ms, found 1 plugins.
Preloading 0 native plugins for Editor in 0.00 ms.
Mono: successfully reloaded assembly
- Completed reload, in  0.807 seconds
Platform modules already initialized, skipping
Shader 'Universal Render Pipeline/Particles/Lit': fallback shader 'Universal Render Pipeline/Particles/SimpleLit' not found
Refreshing native plugins compatible for Editor in 0.79 ms, found 1 plugins.
Preloading 0 native plugins for Editor in 0.00 ms.
Unloading 3245 Unused Serialized files (Serialized files now loaded: 0)
System memory in use before: 140.9 MB.
System memory in use after: 141.0 MB.

Unloading 18 unused Assets to reduce memory usage. Loaded Objects now: 3805.
Total: 2.629900 ms (FindLiveObjects: 0.427600 ms CreateObjectMapping: 0.087200 ms MarkObjects: 1.983600 ms  DeleteObjects: 0.130500 ms)

========================================================================
Received Import Request.
  Time since last request: 519.675691 seconds.
  path: Assets/Prefabs/Game Manager.prefab
  artifactKey: Guid(b09438eca7e2e1245b8f4a4fbf4c8671) Importer(815301076,1909f56bfc062723c751e8b465ee728b)
Start importing Assets/Prefabs/Game Manager.prefab using Guid(b09438eca7e2e1245b8f4a4fbf4c8671) Importer(815301076,1909f56bfc062723c751e8b465ee728b)  -> (artifact id: 'd248dee53814b4a2e601bbcc194fdc0c') in 0.084288 seconds
  Import took 0.092174 seconds .

========================================================================
Received Prepare
Registering precompiled user dll's ...
Registered in 0.002197 seconds.
Begin MonoManager ReloadAssembly
Native extension for LinuxStandalone target not found
Native extension for WindowsStandalone target not found
Native extension for WebGL target not found
Refreshing native plugins compatible for Editor in 0.75 ms, found 1 plugins.
Preloading 0 native plugins for Editor in 0.00 ms.
Mono: successfully reloaded assembly
- Completed reload, in  0.840 seconds
Platform modules already initialized, skipping
Shader 'Universal Render Pipeline/Particles/Lit': fallback shader 'Universal Render Pipeline/Particles/SimpleLit' not found
Refreshing native plugins compatible for Editor in 0.81 ms, found 1 plugins.
Preloading 0 native plugins for Editor in 0.00 ms.
Unloading 3245 Unused Serialized files (Serialized files now loaded: 0)
System memory in use before: 140.9 MB.
System memory in use after: 141.0 MB.

Unloading 17 unused Assets to reduce memory usage. Loaded Objects now: 3809.
Total: 2.591400 ms (FindLiveObjects: 0.488700 ms CreateObjectMapping: 0.081300 ms MarkObjects: 1.884600 ms  DeleteObjects: 0.136100 ms)

========================================================================
Received Import Request.
  Time since last request: 71.199760 seconds.
  path: Assets/Scripts/MainMenuSettingsButton.cs
  artifactKey: Guid(164b003d55c7b1f48a9aa014a165a639) Importer(815301076,1909f56bfc062723c751e8b465ee728b)
Start importing Assets/Scripts/MainMenuSettingsButton.cs using Guid(164b003d55c7b1f48a9aa014a165a639) Importer(815301076,1909f56bfc062723c751e8b465ee728b)  -> (artifact id: '8c498730f5709747821068540274cddd') in 0.014780 seconds
  Import took 0.020509 seconds .

========================================================================
Received Prepare
Registering precompiled user dll's ...
Registered in 0.002456 seconds.
Begin MonoManager ReloadAssembly
Native extension for LinuxStandalone target not found
Native extension for WindowsStandalone target not found
Native extension for WebGL target not found
Refreshing native plugins compatible for Editor in 0.70 ms, found 1 plugins.
Preloading 0 native plugins for Editor in 0.00 ms.
Mono: successfully reloaded assembly
- Completed reload, in  0.851 seconds
Platform modules already initialized, skipping
Shader 'Universal Render Pipeline/Particles/Lit': fallback shader 'Universal Render Pipeline/Particles/SimpleLit' not found
Refreshing native plugins compatible for Editor in 0.84 ms, found 1 plugins.
Preloading 0 native plugins for Editor in 0.00 ms.
Unloading 3246 Unused Serialized files (Serialized files now loaded: 0)
System memory in use before: 141.0 MB.
System memory in use after: 141.1 MB.

Unloading 15 unused Assets to reduce memory usage. Loaded Objects now: 3814.
Total: 2.921000 ms (FindLiveObjects: 0.404300 ms CreateObjectMapping: 0.098800 ms MarkObjects: 2.275300 ms  DeleteObjects: 0.141400 ms)

========================================================================
Received Prepare
Registering precompiled user dll's ...
Registered in 0.002160 seconds.
Begin MonoManager ReloadAssembly
Native extension for LinuxStandalone target not found
Native extension for WindowsStandalone target not found
Native extension for WebGL target not found
Refreshing native plugins compatible for Editor in 0.73 ms, found 1 plugins.
Preloading 0 native plugins for Editor in 0.00 ms.
Mono: successfully reloaded assembly
- Completed reload, in  0.835 seconds
Platform modules already initialized, skipping
Shader 'Universal Render Pipeline/Particles/Lit': fallback shader 'Universal Render Pipeline/Particles/SimpleLit' not found
Refreshing native plugins compatible for Editor in 0.76 ms, found 1 plugins.
Preloading 0 native plugins for Editor in 0.00 ms.
Unloading 3246 Unused Serialized files (Serialized files now loaded: 0)
System memory in use before: 141.0 MB.
System memory in use after: 141.1 MB.

Unloading 15 unused Assets to reduce memory usage. Loaded Objects now: 3818.
Total: 2.480700 ms (FindLiveObjects: 0.388000 ms CreateObjectMapping: 0.086400 ms MarkObjects: 1.886400 ms  DeleteObjects: 0.119200 ms)

========================================================================
Received Import Request.
  Time since last request: 211.822613 seconds.
  path: Assets/Scripts/MainMenuSettingsButton.cs
  artifactKey: Guid(164b003d55c7b1f48a9aa014a165a639) Importer(815301076,1909f56bfc062723c751e8b465ee728b)
Start importing Assets/Scripts/MainMenuSettingsButton.cs using Guid(164b003d55c7b1f48a9aa014a165a639) Importer(815301076,1909f56bfc062723c751e8b465ee728b)  -> (artifact id: 'b85830995c126e1a55de032e05557f51') in 0.005731 seconds
  Import took 0.011799 seconds .

========================================================================
Received Import Request.
  Time since last request: 6.245667 seconds.
  path: Assets/Scripts/NewGameButton.cs
  artifactKey: Guid(cf7752bb9cca9c7448b4c9d47e725d9b) Importer(815301076,1909f56bfc062723c751e8b465ee728b)
Start importing Assets/Scripts/NewGameButton.cs using Guid(cf7752bb9cca9c7448b4c9d47e725d9b) Importer(815301076,1909f56bfc062723c751e8b465ee728b)  -> (artifact id: 'cc75593f100d71b8ceb7c37aa57b7cd8') in 0.006776 seconds
  Import took 0.012265 seconds .

========================================================================
Received Import Request.
  Time since last request: 0.015641 seconds.
  path: Assets/Scripts/NewGameButton.cs
  artifactKey: Guid(cf7752bb9cca9c7448b4c9d47e725d9b) Importer(815301076,1909f56bfc062723c751e8b465ee728b)
Start importing Assets/Scripts/NewGameButton.cs using Guid(cf7752bb9cca9c7448b4c9d47e725d9b) Importer(815301076,1909f56bfc062723c751e8b465ee728b)  -> (artifact id: 'cc75593f100d71b8ceb7c37aa57b7cd8') in 0.001933 seconds
  Import took 0.006758 seconds .

========================================================================
Received Import Request.
  Time since last request: 21.040262 seconds.
  path: Assets/Scripts/UI
  artifactKey: Guid(483901e5563d8d340925b89584029d45) Importer(815301076,1909f56bfc062723c751e8b465ee728b)
Start importing Assets/Scripts/UI using Guid(483901e5563d8d340925b89584029d45) Importer(815301076,1909f56bfc062723c751e8b465ee728b)  -> (artifact id: '0ef8eea02d7b380e1dc8595ab5e1f653') in 0.007113 seconds
  Import took 0.012562 seconds .

========================================================================
Received Import Request.
  Time since last request: 0.000813 seconds.
  path: Assets/Scripts/UI
  artifactKey: Guid(483901e5563d8d340925b89584029d45) Importer(815301076,1909f56bfc062723c751e8b465ee728b)
Start importing Assets/Scripts/UI using Guid(483901e5563d8d340925b89584029d45) Importer(815301076,1909f56bfc062723c751e8b465ee728b)  -> (artifact id: '0ef8eea02d7b380e1dc8595ab5e1f653') in 0.001726 seconds
  Import took 0.005854 seconds .

========================================================================
Received Import Request.
  Time since last request: 1.332161 seconds.
  path: Assets/Scripts/AudioManager.cs
  artifactKey: Guid(7c9c9abf575069041a338b7445586d51) Importer(815301076,1909f56bfc062723c751e8b465ee728b)
Start importing Assets/Scripts/AudioManager.cs using Guid(7c9c9abf575069041a338b7445586d51) Importer(815301076,1909f56bfc062723c751e8b465ee728b)  -> (artifact id: '7cfb593ad4768a97c5f266bc096eb1a2') in 0.006993 seconds
  Import took 0.012710 seconds .

========================================================================
Received Import Request.
  Time since last request: 4.794569 seconds.
  path: Assets/Scripts/MenuButton.cs
  artifactKey: Guid(a61a72db4d9eaa74c9f08541f3bf1bf0) Importer(815301076,1909f56bfc062723c751e8b465ee728b)
Start importing Assets/Scripts/MenuButton.cs using Guid(a61a72db4d9eaa74c9f08541f3bf1bf0) Importer(815301076,1909f56bfc062723c751e8b465ee728b)  -> (artifact id: 'c48e9d74723c4bd2d902ad320aa5276e') in 0.005287 seconds
  Import took 0.010356 seconds .

========================================================================
Received Import Request.
  Time since last request: 0.008455 seconds.
  path: Assets/Scripts/MenuButton.cs
  artifactKey: Guid(a61a72db4d9eaa74c9f08541f3bf1bf0) Importer(815301076,1909f56bfc062723c751e8b465ee728b)
Start importing Assets/Scripts/MenuButton.cs using Guid(a61a72db4d9eaa74c9f08541f3bf1bf0) Importer(815301076,1909f56bfc062723c751e8b465ee728b)  -> (artifact id: 'c48e9d74723c4bd2d902ad320aa5276e') in 0.002028 seconds
  Import took 0.006766 seconds .

========================================================================
Received Prepare
Registering precompiled user dll's ...
Registered in 0.002195 seconds.
Begin MonoManager ReloadAssembly
Native extension for LinuxStandalone target not found
Native extension for WindowsStandalone target not found
Native extension for WebGL target not found
Refreshing native plugins compatible for Editor in 0.81 ms, found 1 plugins.
Preloading 0 native plugins for Editor in 0.00 ms.
Mono: successfully reloaded assembly
- Completed reload, in  0.870 seconds
Platform modules already initialized, skipping
Shader 'Universal Render Pipeline/Particles/Lit': fallback shader 'Universal Render Pipeline/Particles/SimpleLit' not found
Refreshing native plugins compatible for Editor in 0.68 ms, found 1 plugins.
Preloading 0 native plugins for Editor in 0.00 ms.
Unloading 3246 Unused Serialized files (Serialized files now loaded: 0)
System memory in use before: 141.0 MB.
System memory in use after: 141.1 MB.

Unloading 15 unused Assets to reduce memory usage. Loaded Objects now: 3822.
Total: 2.656400 ms (FindLiveObjects: 0.457300 ms CreateObjectMapping: 0.101400 ms MarkObjects: 1.957800 ms  DeleteObjects: 0.139100 ms)

========================================================================
Received Import Request.
  Time since last request: 12.946778 seconds.
  path: Assets/Scripts/BackToMenuButton.cs
  artifactKey: Guid(d9d2798a20c2e5c4c8317eee168a1e70) Importer(815301076,1909f56bfc062723c751e8b465ee728b)
Start importing Assets/Scripts/BackToMenuButton.cs using Guid(d9d2798a20c2e5c4c8317eee168a1e70) Importer(815301076,1909f56bfc062723c751e8b465ee728b)  -> (artifact id: '2368f8fcbadd24f2920a327d237ef273') in 0.010194 seconds
  Import took 0.015866 seconds .

========================================================================
Received Import Request.
  Time since last request: 0.001423 seconds.
  path: Assets/Scripts/BackToMenuButton.cs
  artifactKey: Guid(d9d2798a20c2e5c4c8317eee168a1e70) Importer(815301076,1909f56bfc062723c751e8b465ee728b)
Start importing Assets/Scripts/BackToMenuButton.cs using Guid(d9d2798a20c2e5c4c8317eee168a1e70) Importer(815301076,1909f56bfc062723c751e8b465ee728b)  -> (artifact id: '2368f8fcbadd24f2920a327d237ef273') in 0.001981 seconds
  Import took 0.006478 seconds .

========================================================================
Received Prepare
Registering precompiled user dll's ...
Registered in 0.001929 seconds.
Begin MonoManager ReloadAssembly
Native extension for LinuxStandalone target not found
Native extension for WindowsStandalone target not found
Native extension for WebGL target not found
Refreshing native plugins compatible for Editor in 0.72 ms, found 1 plugins.
Preloading 0 native plugins for Editor in 0.00 ms.
Mono: successfully reloaded assembly
- Completed reload, in  0.841 seconds
Platform modules already initialized, skipping
Shader 'Universal Render Pipeline/Particles/Lit': fallback shader 'Universal Render Pipeline/Particles/SimpleLit' not found
Refreshing native plugins compatible for Editor in 0.72 ms, found 1 plugins.
Preloading 0 native plugins for Editor in 0.00 ms.
Unloading 3246 Unused Serialized files (Serialized files now loaded: 0)
System memory in use before: 141.0 MB.
System memory in use after: 141.1 MB.

Unloading 15 unused Assets to reduce memory usage. Loaded Objects now: 3826.
Total: 2.805000 ms (FindLiveObjects: 0.406100 ms CreateObjectMapping: 0.087700 ms MarkObjects: 2.161500 ms  DeleteObjects: 0.148800 ms)

========================================================================
Received Import Request.
  Time since last request: 6.637823 seconds.
  path: Assets/Scripts/InventoryUI.cs
  artifactKey: Guid(8c937d9c4c4a596469dbec8d80324ba0) Importer(815301076,1909f56bfc062723c751e8b465ee728b)
Start importing Assets/Scripts/InventoryUI.cs using Guid(8c937d9c4c4a596469dbec8d80324ba0) Importer(815301076,1909f56bfc062723c751e8b465ee728b)  -> (artifact id: '3d4cb69e60458877f0437e4fe2d3dbb6') in 0.012703 seconds
  Import took 0.019465 seconds .

========================================================================
Received Import Request.
  Time since last request: 0.390616 seconds.
  path: Assets/Scripts/InventorySlot.cs
  artifactKey: Guid(a7f09488d41e6f147a54f1ca22606c8a) Importer(815301076,1909f56bfc062723c751e8b465ee728b)
Start importing Assets/Scripts/InventorySlot.cs using Guid(a7f09488d41e6f147a54f1ca22606c8a) Importer(815301076,1909f56bfc062723c751e8b465ee728b)  -> (artifact id: '3388b5484809f86c9480d3cf68354ef5') in 0.006335 seconds
  Import took 0.011338 seconds .

========================================================================
Received Import Request.
  Time since last request: 1.517816 seconds.
  path: Assets/Scripts/Inventory.cs
  artifactKey: Guid(d5f84c43a47d04b4183981c7768d156a) Importer(815301076,1909f56bfc062723c751e8b465ee728b)
Start importing Assets/Scripts/Inventory.cs using Guid(d5f84c43a47d04b4183981c7768d156a) Importer(815301076,1909f56bfc062723c751e8b465ee728b)  -> (artifact id: '338e7f6543ea3eb6fa84bb2966f6b41f') in 0.005897 seconds
  Import took 0.011087 seconds .

========================================================================
Received Import Request.
  Time since last request: 0.000839 seconds.
  path: Assets/Scripts/Inventory.cs
  artifactKey: Guid(d5f84c43a47d04b4183981c7768d156a) Importer(815301076,1909f56bfc062723c751e8b465ee728b)
Start importing Assets/Scripts/Inventory.cs using Guid(d5f84c43a47d04b4183981c7768d156a) Importer(815301076,1909f56bfc062723c751e8b465ee728b)  -> (artifact id: '338e7f6543ea3eb6fa84bb2966f6b41f') in 0.001828 seconds
  Import took 0.006952 seconds .

========================================================================
Received Import Request.
  Time since last request: 0.701751 seconds.
  path: Assets/Scripts/Interactable.cs
  artifactKey: Guid(d46a83beb6fab5444b3dfaa8651502cd) Importer(815301076,1909f56bfc062723c751e8b465ee728b)
Start importing Assets/Scripts/Interactable.cs using Guid(d46a83beb6fab5444b3dfaa8651502cd) Importer(815301076,1909f56bfc062723c751e8b465ee728b)  -> (artifact id: '09ff8db5373d5c9d52fe6c7735fade82') in 0.005523 seconds
  Import took 0.011397 seconds .

========================================================================
Received Import Request.
  Time since last request: 0.013014 seconds.
  path: Assets/Scripts/Interactable.cs
  artifactKey: Guid(d46a83beb6fab5444b3dfaa8651502cd) Importer(815301076,1909f56bfc062723c751e8b465ee728b)
Start importing Assets/Scripts/Interactable.cs using Guid(d46a83beb6fab5444b3dfaa8651502cd) Importer(815301076,1909f56bfc062723c751e8b465ee728b)  -> (artifact id: '09ff8db5373d5c9d52fe6c7735fade82') in 0.002055 seconds
  Import took 0.006921 seconds .

========================================================================
Received Import Request.
  Time since last request: 2.265613 seconds.
  path: Assets/Scripts/SwitchMusicTrigger.cs
  artifactKey: Guid(46ceb4ad0f266fa46be910579d14fa04) Importer(815301076,1909f56bfc062723c751e8b465ee728b)
Start importing Assets/Scripts/SwitchMusicTrigger.cs using Guid(46ceb4ad0f266fa46be910579d14fa04) Importer(815301076,1909f56bfc062723c751e8b465ee728b)  -> (artifact id: '7618ac0ace2fd2364efa1618b7d955d2') in 0.005205 seconds
  Import took 0.010429 seconds .

========================================================================
Received Import Request.
  Time since last request: 0.000761 seconds.
  path: Assets/Scripts/SwitchMusicTrigger.cs
  artifactKey: Guid(46ceb4ad0f266fa46be910579d14fa04) Importer(815301076,1909f56bfc062723c751e8b465ee728b)
Start importing Assets/Scripts/SwitchMusicTrigger.cs using Guid(46ceb4ad0f266fa46be910579d14fa04) Importer(815301076,1909f56bfc062723c751e8b465ee728b)  -> (artifact id: '7618ac0ace2fd2364efa1618b7d955d2') in 0.001895 seconds
  Import took 0.006390 seconds .

========================================================================
Received Import Request.
  Time since last request: 0.733454 seconds.
  path: Assets/Scripts/Teleport.cs
  artifactKey: Guid(a308f81f434df5c4da848100873de15f) Importer(815301076,1909f56bfc062723c751e8b465ee728b)
Start importing Assets/Scripts/Teleport.cs using Guid(a308f81f434df5c4da848100873de15f) Importer(815301076,1909f56bfc062723c751e8b465ee728b)  -> (artifact id: '2c8e097911515e396a5db8d76580b548') in 0.005901 seconds
  Import took 0.011363 seconds .

========================================================================
Received Import Request.
  Time since last request: 0.000641 seconds.
  path: Assets/Scripts/Teleport.cs
  artifactKey: Guid(a308f81f434df5c4da848100873de15f) Importer(815301076,1909f56bfc062723c751e8b465ee728b)
Start importing Assets/Scripts/Teleport.cs using Guid(a308f81f434df5c4da848100873de15f) Importer(815301076,1909f56bfc062723c751e8b465ee728b)  -> (artifact id: '2c8e097911515e396a5db8d76580b548') in 0.001995 seconds
  Import took 0.007169 seconds .

========================================================================
Received Import Request.
  Time since last request: 0.568223 seconds.
  path: Assets/Scripts/UIButton.cs
  artifactKey: Guid(a06c767945b82b24cb8fb155b5f713d7) Importer(815301076,1909f56bfc062723c751e8b465ee728b)
Start importing Assets/Scripts/UIButton.cs using Guid(a06c767945b82b24cb8fb155b5f713d7) Importer(815301076,1909f56bfc062723c751e8b465ee728b)  -> (artifact id: 'aacbcb5a0ab61b7d78b7ad5eaf074a81') in 0.005459 seconds
  Import took 0.012053 seconds .

========================================================================
Received Import Request.
  Time since last request: 0.000420 seconds.
  path: Assets/Scripts/UIButton.cs
  artifactKey: Guid(a06c767945b82b24cb8fb155b5f713d7) Importer(815301076,1909f56bfc062723c751e8b465ee728b)
Start importing Assets/Scripts/UIButton.cs using Guid(a06c767945b82b24cb8fb155b5f713d7) Importer(815301076,1909f56bfc062723c751e8b465ee728b)  -> (artifact id: 'aacbcb5a0ab61b7d78b7ad5eaf074a81') in 0.001828 seconds
  Import took 0.005922 seconds .

========================================================================
Received Import Request.
  Time since last request: 0.290293 seconds.
  path: Assets/Scripts/Weapon.cs
  artifactKey: Guid(c17509f5b7c035e48bd5ec80d26c709e) Importer(815301076,1909f56bfc062723c751e8b465ee728b)
Start importing Assets/Scripts/Weapon.cs using Guid(c17509f5b7c035e48bd5ec80d26c709e) Importer(815301076,1909f56bfc062723c751e8b465ee728b)  -> (artifact id: 'e641e42e336b77553732d0657203ce0f') in 0.005461 seconds
  Import took 0.010539 seconds .

========================================================================
Received Prepare
Registering precompiled user dll's ...
Registered in 0.001988 seconds.
Begin MonoManager ReloadAssembly
Native extension for LinuxStandalone target not found
Native extension for WindowsStandalone target not found
Native extension for WebGL target not found
Refreshing native plugins compatible for Editor in 0.76 ms, found 1 plugins.
Preloading 0 native plugins for Editor in 0.00 ms.
Mono: successfully reloaded assembly
- Completed reload, in  0.817 seconds
Platform modules already initialized, skipping
Shader 'Universal Render Pipeline/Particles/Lit': fallback shader 'Universal Render Pipeline/Particles/SimpleLit' not found
Refreshing native plugins compatible for Editor in 0.68 ms, found 1 plugins.
Preloading 0 native plugins for Editor in 0.00 ms.
Unloading 3246 Unused Serialized files (Serialized files now loaded: 0)
System memory in use before: 141.0 MB.
System memory in use after: 141.1 MB.

Unloading 15 unused Assets to reduce memory usage. Loaded Objects now: 3830.
Total: 2.831100 ms (FindLiveObjects: 0.379700 ms CreateObjectMapping: 0.084400 ms MarkObjects: 2.219100 ms  DeleteObjects: 0.146900 ms)

========================================================================
Received Import Request.
  Time since last request: 102.499543 seconds.
  path: Assets/Scripts/UI/MenuManager.cs
  artifactKey: Guid(28ad93fde41c6ca4495f7748b813f7b3) Importer(815301076,1909f56bfc062723c751e8b465ee728b)
Start importing Assets/Scripts/UI/MenuManager.cs using Guid(28ad93fde41c6ca4495f7748b813f7b3) Importer(815301076,1909f56bfc062723c751e8b465ee728b)  -> (artifact id: 'a90e135a1769ad70bca3fc65f5b41d07') in 0.010753 seconds
  Import took 0.016018 seconds .

========================================================================
Received Prepare
Registering precompiled user dll's ...
Registered in 0.001984 seconds.
Begin MonoManager ReloadAssembly
Native extension for LinuxStandalone target not found
Native extension for WindowsStandalone target not found
Native extension for WebGL target not found
Refreshing native plugins compatible for Editor in 0.71 ms, found 1 plugins.
Preloading 0 native plugins for Editor in 0.00 ms.
Mono: successfully reloaded assembly
- Completed reload, in  0.836 seconds
Platform modules already initialized, skipping
Shader 'Universal Render Pipeline/Particles/Lit': fallback shader 'Universal Render Pipeline/Particles/SimpleLit' not found
Refreshing native plugins compatible for Editor in 0.80 ms, found 1 plugins.
Preloading 0 native plugins for Editor in 0.00 ms.
Unloading 3246 Unused Serialized files (Serialized files now loaded: 0)
System memory in use before: 141.0 MB.
System memory in use after: 141.1 MB.

Unloading 15 unused Assets to reduce memory usage. Loaded Objects now: 3834.
Total: 2.574800 ms (FindLiveObjects: 0.455600 ms CreateObjectMapping: 0.082300 ms MarkObjects: 1.907300 ms  DeleteObjects: 0.128400 ms)

========================================================================
Received Prepare
Registering precompiled user dll's ...
Registered in 0.002018 seconds.
Begin MonoManager ReloadAssembly
Native extension for LinuxStandalone target not found
Native extension for WindowsStandalone target not found
Native extension for WebGL target not found
Refreshing native plugins compatible for Editor in 0.71 ms, found 1 plugins.
Preloading 0 native plugins for Editor in 0.00 ms.
Mono: successfully reloaded assembly
- Completed reload, in  0.789 seconds
Platform modules already initialized, skipping
Shader 'Universal Render Pipeline/Particles/Lit': fallback shader 'Universal Render Pipeline/Particles/SimpleLit' not found
Refreshing native plugins compatible for Editor in 0.71 ms, found 1 plugins.
Preloading 0 native plugins for Editor in 0.00 ms.
Unloading 3246 Unused Serialized files (Serialized files now loaded: 0)
System memory in use before: 141.0 MB.
System memory in use after: 141.1 MB.

Unloading 15 unused Assets to reduce memory usage. Loaded Objects now: 3838.
Total: 2.709900 ms (FindLiveObjects: 0.462100 ms CreateObjectMapping: 0.231500 ms MarkObjects: 1.888300 ms  DeleteObjects: 0.127200 ms)

========================================================================
Received Prepare
Registering precompiled user dll's ...
Registered in 0.001916 seconds.
Begin MonoManager ReloadAssembly
Native extension for LinuxStandalone target not found
Native extension for WindowsStandalone target not found
Native extension for WebGL target not found
Refreshing native plugins compatible for Editor in 0.72 ms, found 1 plugins.
Preloading 0 native plugins for Editor in 0.00 ms.
Mono: successfully reloaded assembly
- Completed reload, in  0.825 seconds
Platform modules already initialized, skipping
Shader 'Universal Render Pipeline/Particles/Lit': fallback shader 'Universal Render Pipeline/Particles/SimpleLit' not found
Refreshing native plugins compatible for Editor in 0.72 ms, found 1 plugins.
Preloading 0 native plugins for Editor in 0.00 ms.
Unloading 3246 Unused Serialized files (Serialized files now loaded: 0)
System memory in use before: 140.9 MB.
System memory in use after: 141.0 MB.

Unloading 15 unused Assets to reduce memory usage. Loaded Objects now: 3842.
Total: 3.141200 ms (FindLiveObjects: 0.407900 ms CreateObjectMapping: 0.091600 ms MarkObjects: 2.482900 ms  DeleteObjects: 0.157400 ms)

========================================================================
Received Prepare
Registering precompiled user dll's ...
Registered in 0.002024 seconds.
Begin MonoManager ReloadAssembly
Native extension for LinuxStandalone target not found
Native extension for WindowsStandalone target not found
Native extension for WebGL target not found
Refreshing native plugins compatible for Editor in 0.69 ms, found 1 plugins.
Preloading 0 native plugins for Editor in 0.00 ms.
Mono: successfully reloaded assembly
- Completed reload, in  0.786 seconds
Platform modules already initialized, skipping
Shader 'Universal Render Pipeline/Particles/Lit': fallback shader 'Universal Render Pipeline/Particles/SimpleLit' not found
Refreshing native plugins compatible for Editor in 0.69 ms, found 1 plugins.
Preloading 0 native plugins for Editor in 0.00 ms.
Unloading 3246 Unused Serialized files (Serialized files now loaded: 0)
System memory in use before: 140.9 MB.
System memory in use after: 141.0 MB.

Unloading 15 unused Assets to reduce memory usage. Loaded Objects now: 3846.
Total: 2.457700 ms (FindLiveObjects: 0.411000 ms CreateObjectMapping: 0.091400 ms MarkObjects: 1.819100 ms  DeleteObjects: 0.135000 ms)

========================================================================
Received Prepare
Registering precompiled user dll's ...
Registered in 0.002280 seconds.
Begin MonoManager ReloadAssembly
Native extension for LinuxStandalone target not found
Native extension for WindowsStandalone target not found
Native extension for WebGL target not found
Refreshing native plugins compatible for Editor in 0.78 ms, found 1 plugins.
Preloading 0 native plugins for Editor in 0.00 ms.
Mono: successfully reloaded assembly
- Completed reload, in  0.910 seconds
Platform modules already initialized, skipping
Shader 'Universal Render Pipeline/Particles/Lit': fallback shader 'Universal Render Pipeline/Particles/SimpleLit' not found
Refreshing native plugins compatible for Editor in 1.12 ms, found 1 plugins.
Preloading 0 native plugins for Editor in 0.00 ms.
Unloading 3246 Unused Serialized files (Serialized files now loaded: 0)
System memory in use before: 140.9 MB.
System memory in use after: 141.0 MB.

Unloading 15 unused Assets to reduce memory usage. Loaded Objects now: 3850.
Total: 3.140400 ms (FindLiveObjects: 0.399000 ms CreateObjectMapping: 0.087800 ms MarkObjects: 2.499400 ms  DeleteObjects: 0.152900 ms)

========================================================================
Received Prepare
Registering precompiled user dll's ...
Registered in 0.001917 seconds.
Begin MonoManager ReloadAssembly
Native extension for LinuxStandalone target not found
Native extension for WindowsStandalone target not found
Native extension for WebGL target not found
Refreshing native plugins compatible for Editor in 0.92 ms, found 1 plugins.
Preloading 0 native plugins for Editor in 0.00 ms.
Mono: successfully reloaded assembly
- Completed reload, in  0.836 seconds
Platform modules already initialized, skipping
Shader 'Universal Render Pipeline/Particles/Lit': fallback shader 'Universal Render Pipeline/Particles/SimpleLit' not found
Refreshing native plugins compatible for Editor in 0.69 ms, found 1 plugins.
Preloading 0 native plugins for Editor in 0.00 ms.
Unloading 3246 Unused Serialized files (Serialized files now loaded: 0)
System memory in use before: 141.0 MB.
System memory in use after: 141.0 MB.

Unloading 15 unused Assets to reduce memory usage. Loaded Objects now: 3854.
Total: 2.548900 ms (FindLiveObjects: 0.328200 ms CreateObjectMapping: 0.093300 ms MarkObjects: 1.998500 ms  DeleteObjects: 0.128000 ms)

========================================================================
Received Prepare
Registering precompiled user dll's ...
Registered in 0.001888 seconds.
Begin MonoManager ReloadAssembly
Native extension for LinuxStandalone target not found
Native extension for WindowsStandalone target not found
Native extension for WebGL target not found
Refreshing native plugins compatible for Editor in 0.69 ms, found 1 plugins.
Preloading 0 native plugins for Editor in 0.00 ms.
Mono: successfully reloaded assembly
- Completed reload, in  0.799 seconds
Platform modules already initialized, skipping
Shader 'Universal Render Pipeline/Particles/Lit': fallback shader 'Universal Render Pipeline/Particles/SimpleLit' not found
Refreshing native plugins compatible for Editor in 0.70 ms, found 1 plugins.
Preloading 0 native plugins for Editor in 0.00 ms.
Unloading 3246 Unused Serialized files (Serialized files now loaded: 0)
System memory in use before: 141.0 MB.
System memory in use after: 141.1 MB.

Unloading 15 unused Assets to reduce memory usage. Loaded Objects now: 3858.
Total: 2.568500 ms (FindLiveObjects: 0.421800 ms CreateObjectMapping: 0.085600 ms MarkObjects: 1.909100 ms  DeleteObjects: 0.150700 ms)

