Using pre-set license
Built from '2020.3/staging' branch; Version is '2020.3.4f1 (0abb6314276a) revision 703331'; Using compiler version '192528614'; Build Type 'Release'
OS: 'Windows 10 Pro; OS build 19043.1466; Version 2009; 64bit' Language: 'en' Physical Memory: 32717 MB
BatchMode: 1, IsHumanControllingUs: 0, StartBugReporterOnCrash: 0, Is64bit: 1, IsPro: 0

 COMMAND LINE ARGUMENTS:
E:\Program files F\Unity\Unity Hub\Editor\2020.3.4f1\Editor\Unity.exe
-adb2
-batchMode
-noUpm
-name
AssetImportWorker0
-projectPath
E:/Program files F/UnityProjects/Deldun-Project
-logFile
Logs/AssetImportWorker0.log
-srvPort
53376
Successfully changed project path to: E:/Program files F/UnityProjects/Deldun-Project
E:/Program files F/UnityProjects/Deldun-Project
Using Asset Import Pipeline V2.
Refreshing native plugins compatible for Editor in 64.91 ms, found 1 plugins.
Preloading 0 native plugins for Editor in 0.00 ms.
Initialize engine version: 2020.3.4f1 (0abb6314276a)
[Subsystems] Discovering subsystems at path E:/Program files F/Unity/Unity Hub/Editor/2020.3.4f1/Editor/Data/Resources/UnitySubsystems
[Subsystems] Discovering subsystems at path E:/Program files F/UnityProjects/Deldun-Project/Assets
GfxDevice: creating device client; threaded=0
Direct3D:
    Version:  Direct3D 11.0 [level 11.1]
    Renderer: NVIDIA GeForce RTX 2070 SUPER (ID=0x1e84)
    Vendor:   
    VRAM:     8011 MB
    Driver:   30.0.15.1123
Shader 'Universal Render Pipeline/Particles/Lit': fallback shader 'Universal Render Pipeline/Particles/SimpleLit' not found
Initialize mono
Mono path[0] = 'E:/Program files F/Unity/Unity Hub/Editor/2020.3.4f1/Editor/Data/Managed'
Mono path[1] = 'E:/Program files F/Unity/Unity Hub/Editor/2020.3.4f1/Editor/Data/MonoBleedingEdge/lib/mono/unityjit'
Mono config path = 'E:/Program files F/Unity/Unity Hub/Editor/2020.3.4f1/Editor/Data/MonoBleedingEdge/etc'
Using monoOptions --debugger-agent=transport=dt_socket,embedding=1,server=y,suspend=n,address=127.0.0.1:56896
Begin MonoManager ReloadAssembly
Registering precompiled unity dll's ...
Register platform support module: E:/Program files F/Unity/Unity Hub/Editor/2020.3.4f1/Editor/Data/PlaybackEngines/WebGLSupport/UnityEditor.WebGL.Extensions.dll
Register platform support module: E:/Program files F/Unity/Unity Hub/Editor/2020.3.4f1/Editor/Data/PlaybackEngines/WindowsStandaloneSupport/UnityEditor.WindowsStandalone.Extensions.dll
Register platform support module: E:/Program files F/Unity/Unity Hub/Editor/2020.3.4f1/Editor/Data/PlaybackEngines/LinuxStandaloneSupport/UnityEditor.LinuxStandalone.Extensions.dll
Registered in 0.001560 seconds.
Native extension for LinuxStandalone target not found
Native extension for WindowsStandalone target not found
Native extension for WebGL target not found
Refreshing native plugins compatible for Editor in 64.79 ms, found 1 plugins.
Preloading 0 native plugins for Editor in 0.00 ms.
Mono: successfully reloaded assembly
- Completed reload, in  2.019 seconds
Platform modules already initialized, skipping
Registering precompiled user dll's ...
Registered in 0.001720 seconds.
Begin MonoManager ReloadAssembly
Native extension for LinuxStandalone target not found
Native extension for WindowsStandalone target not found
Native extension for WebGL target not found
Refreshing native plugins compatible for Editor in 67.51 ms, found 1 plugins.
Preloading 0 native plugins for Editor in 0.00 ms.
Mono: successfully reloaded assembly
- Completed reload, in  0.974 seconds
Platform modules already initialized, skipping
========================================================================
Worker process is ready to serve import requests
Shader 'Universal Render Pipeline/Particles/Lit': fallback shader 'Universal Render Pipeline/Particles/SimpleLit' not found
Launched and connected shader compiler UnityShaderCompiler.exe after 0.10 seconds
Refreshing native plugins compatible for Editor in 0.76 ms, found 1 plugins.
Preloading 0 native plugins for Editor in 0.00 ms.
Unloading 3367 Unused Serialized files (Serialized files now loaded: 0)
System memory in use before: 151.1 MB.
System memory in use after: 151.2 MB.

Unloading 26 unused Assets to reduce memory usage. Loaded Objects now: 3813.
Total: 2.885800 ms (FindLiveObjects: 0.518200 ms CreateObjectMapping: 0.089100 ms MarkObjects: 2.136700 ms  DeleteObjects: 0.140700 ms)

========================================================================
Received Import Request.
  path: Assets/Artwork/sprite_sheet2.png
  artifactKey: Guid(27e804c5b33b0f9419f51a209928f146) Importer(815301076,1909f56bfc062723c751e8b465ee728b)
Start importing Assets/Artwork/sprite_sheet2.png using Guid(27e804c5b33b0f9419f51a209928f146) Importer(815301076,1909f56bfc062723c751e8b465ee728b)  -> (artifact id: 'dc3a9c21e1f2670cca274d75b116e215') in 0.224741 seconds
  Import took 0.231388 seconds .

========================================================================
Received Import Request.
  Time since last request: 4.466549 seconds.
  path: Assets/Artwork/sprite_sheet2.png
  artifactKey: Guid(27e804c5b33b0f9419f51a209928f146) Importer(815301076,1909f56bfc062723c751e8b465ee728b)
Start importing Assets/Artwork/sprite_sheet2.png using Guid(27e804c5b33b0f9419f51a209928f146) Importer(815301076,1909f56bfc062723c751e8b465ee728b)  -> (artifact id: '83e37eba689fa939269c7c83ef7752ee') in 0.096954 seconds
  Import took 0.102445 seconds .

========================================================================
Received Import Request.
  Time since last request: 40.500166 seconds.
  path: Assets/Artwork/sprite_sheet2.png
  artifactKey: Guid(27e804c5b33b0f9419f51a209928f146) Importer(815301076,1909f56bfc062723c751e8b465ee728b)
Start importing Assets/Artwork/sprite_sheet2.png using Guid(27e804c5b33b0f9419f51a209928f146) Importer(815301076,1909f56bfc062723c751e8b465ee728b)  -> (artifact id: '6078dc8fd0a580ff27bf83545912cca5') in 0.108675 seconds
  Import took 0.115235 seconds .

========================================================================
Received Prepare
Registering precompiled user dll's ...
Registered in 0.001944 seconds.
Begin MonoManager ReloadAssembly
Native extension for LinuxStandalone target not found
Native extension for WindowsStandalone target not found
Native extension for WebGL target not found
Refreshing native plugins compatible for Editor in 0.77 ms, found 1 plugins.
Preloading 0 native plugins for Editor in 0.00 ms.
Mono: successfully reloaded assembly
- Completed reload, in  0.855 seconds
Platform modules already initialized, skipping
Shader 'Universal Render Pipeline/Particles/Lit': fallback shader 'Universal Render Pipeline/Particles/SimpleLit' not found
Refreshing native plugins compatible for Editor in 0.80 ms, found 1 plugins.
Preloading 0 native plugins for Editor in 0.00 ms.
Unloading 3261 Unused Serialized files (Serialized files now loaded: 0)
System memory in use before: 144.4 MB.
System memory in use after: 144.5 MB.

Unloading 16 unused Assets to reduce memory usage. Loaded Objects now: 3840.
Total: 3.639600 ms (FindLiveObjects: 0.426900 ms CreateObjectMapping: 0.084000 ms MarkObjects: 2.906700 ms  DeleteObjects: 0.220400 ms)

========================================================================
Received Prepare
Registering precompiled user dll's ...
Registered in 0.002243 seconds.
Begin MonoManager ReloadAssembly
Native extension for LinuxStandalone target not found
Native extension for WindowsStandalone target not found
Native extension for WebGL target not found
Refreshing native plugins compatible for Editor in 0.76 ms, found 1 plugins.
Preloading 0 native plugins for Editor in 0.00 ms.
Mono: successfully reloaded assembly
- Completed reload, in  0.825 seconds
Platform modules already initialized, skipping
Shader 'Universal Render Pipeline/Particles/Lit': fallback shader 'Universal Render Pipeline/Particles/SimpleLit' not found
Refreshing native plugins compatible for Editor in 0.80 ms, found 1 plugins.
Preloading 0 native plugins for Editor in 0.00 ms.
Unloading 3261 Unused Serialized files (Serialized files now loaded: 0)
System memory in use before: 144.4 MB.
System memory in use after: 144.5 MB.

Unloading 15 unused Assets to reduce memory usage. Loaded Objects now: 3844.
Total: 2.931100 ms (FindLiveObjects: 0.415300 ms CreateObjectMapping: 0.084500 ms MarkObjects: 2.292700 ms  DeleteObjects: 0.137500 ms)

========================================================================
Received Import Request.
  Time since last request: 1049.279065 seconds.
  path: Assets/Artwork/sprite_sheet2.png
  artifactKey: Guid(27e804c5b33b0f9419f51a209928f146) Importer(815301076,1909f56bfc062723c751e8b465ee728b)
Start importing Assets/Artwork/sprite_sheet2.png using Guid(27e804c5b33b0f9419f51a209928f146) Importer(815301076,1909f56bfc062723c751e8b465ee728b)  -> (artifact id: '67fe2461dbe2805ae15d59ba06018208') in 0.104942 seconds
  Import took 0.111740 seconds .

========================================================================
Received Import Request.
  Time since last request: 22.390927 seconds.
  path: Assets/Artwork/sprite_sheet2.png
  artifactKey: Guid(27e804c5b33b0f9419f51a209928f146) Importer(815301076,1909f56bfc062723c751e8b465ee728b)
Start importing Assets/Artwork/sprite_sheet2.png using Guid(27e804c5b33b0f9419f51a209928f146) Importer(815301076,1909f56bfc062723c751e8b465ee728b)  -> (artifact id: '7d20321cc3de9460adc334d79fd53494') in 0.170534 seconds
  Import took 0.175955 seconds .

========================================================================
Received Import Request.
  Time since last request: 25.438190 seconds.
  path: Assets/Artwork/sprite_sheet2.png
  artifactKey: Guid(27e804c5b33b0f9419f51a209928f146) Importer(815301076,1909f56bfc062723c751e8b465ee728b)
Start importing Assets/Artwork/sprite_sheet2.png using Guid(27e804c5b33b0f9419f51a209928f146) Importer(815301076,1909f56bfc062723c751e8b465ee728b)  -> (artifact id: '3bd9f70db245e2a8dd5cf104a01c772d') in 0.099909 seconds
  Import took 0.105485 seconds .

========================================================================
Received Import Request.
  Time since last request: 139.499267 seconds.
  path: Assets/Artwork/sprite_sheet2.png
  artifactKey: Guid(27e804c5b33b0f9419f51a209928f146) Importer(815301076,1909f56bfc062723c751e8b465ee728b)
Start importing Assets/Artwork/sprite_sheet2.png using Guid(27e804c5b33b0f9419f51a209928f146) Importer(815301076,1909f56bfc062723c751e8b465ee728b)  -> (artifact id: '24ea3047c3695e66b5a48ceed23cfe19') in 0.075114 seconds
  Import took 0.080930 seconds .

========================================================================
Received Import Request.
  Time since last request: 26.039157 seconds.
  path: Assets/Artwork/sprite_sheet2.png
  artifactKey: Guid(27e804c5b33b0f9419f51a209928f146) Importer(815301076,1909f56bfc062723c751e8b465ee728b)
Start importing Assets/Artwork/sprite_sheet2.png using Guid(27e804c5b33b0f9419f51a209928f146) Importer(815301076,1909f56bfc062723c751e8b465ee728b)  -> (artifact id: '864560677fe51f51bdc4e2f4ed159ad7') in 0.066439 seconds
  Import took 0.072151 seconds .

========================================================================
Received Import Request.
  Time since last request: 15.458381 seconds.
  path: Assets/Artwork/sprite_sheet2.png
  artifactKey: Guid(27e804c5b33b0f9419f51a209928f146) Importer(815301076,1909f56bfc062723c751e8b465ee728b)
Start importing Assets/Artwork/sprite_sheet2.png using Guid(27e804c5b33b0f9419f51a209928f146) Importer(815301076,1909f56bfc062723c751e8b465ee728b)  -> (artifact id: '2a7810c04fa6bcaa0bb20163bcb3ba95') in 0.074084 seconds
  Import took 0.079463 seconds .

========================================================================
Received Prepare
Registering precompiled user dll's ...
Registered in 0.002371 seconds.
Begin MonoManager ReloadAssembly
Native extension for LinuxStandalone target not found
Native extension for WindowsStandalone target not found
Native extension for WebGL target not found
Refreshing native plugins compatible for Editor in 0.78 ms, found 1 plugins.
Preloading 0 native plugins for Editor in 0.00 ms.
Mono: successfully reloaded assembly
- Completed reload, in  0.876 seconds
Platform modules already initialized, skipping
Shader 'Universal Render Pipeline/Particles/Lit': fallback shader 'Universal Render Pipeline/Particles/SimpleLit' not found
Refreshing native plugins compatible for Editor in 0.84 ms, found 1 plugins.
Preloading 0 native plugins for Editor in 0.00 ms.
Unloading 3261 Unused Serialized files (Serialized files now loaded: 0)
System memory in use before: 144.7 MB.
System memory in use after: 144.8 MB.

Unloading 16 unused Assets to reduce memory usage. Loaded Objects now: 3849.
Total: 3.515400 ms (FindLiveObjects: 0.593200 ms CreateObjectMapping: 0.129600 ms MarkObjects: 2.639200 ms  DeleteObjects: 0.152000 ms)

========================================================================
Received Import Request.
  Time since last request: 355.098408 seconds.
  path: Assets/Artwork/sprite_sheet2.png
  artifactKey: Guid(27e804c5b33b0f9419f51a209928f146) Importer(815301076,1909f56bfc062723c751e8b465ee728b)
Start importing Assets/Artwork/sprite_sheet2.png using Guid(27e804c5b33b0f9419f51a209928f146) Importer(815301076,1909f56bfc062723c751e8b465ee728b)  -> (artifact id: '51132025a248fadc48aa6228a00f9429') in 0.137547 seconds
  Import took 0.143813 seconds .

========================================================================
Received Import Request.
  Time since last request: 42.913315 seconds.
  path: Assets/Artwork/sprite_sheet2.png
  artifactKey: Guid(27e804c5b33b0f9419f51a209928f146) Importer(815301076,1909f56bfc062723c751e8b465ee728b)
Start importing Assets/Artwork/sprite_sheet2.png using Guid(27e804c5b33b0f9419f51a209928f146) Importer(815301076,1909f56bfc062723c751e8b465ee728b)  -> (artifact id: '78aff1360f162468c0f541aa9482f11a') in 0.074533 seconds
  Import took 0.080109 seconds .

========================================================================
Received Prepare
Registering precompiled user dll's ...
Registered in 0.001977 seconds.
Begin MonoManager ReloadAssembly
Native extension for LinuxStandalone target not found
Native extension for WindowsStandalone target not found
Native extension for WebGL target not found
Refreshing native plugins compatible for Editor in 0.86 ms, found 1 plugins.
Preloading 0 native plugins for Editor in 0.00 ms.
Mono: successfully reloaded assembly
- Completed reload, in  1.010 seconds
Platform modules already initialized, skipping
Shader 'Universal Render Pipeline/Particles/Lit': fallback shader 'Universal Render Pipeline/Particles/SimpleLit' not found
Refreshing native plugins compatible for Editor in 0.94 ms, found 1 plugins.
Preloading 0 native plugins for Editor in 0.00 ms.
Unloading 3261 Unused Serialized files (Serialized files now loaded: 0)
System memory in use before: 144.8 MB.
System memory in use after: 144.9 MB.

Unloading 16 unused Assets to reduce memory usage. Loaded Objects now: 3854.
Total: 3.407100 ms (FindLiveObjects: 0.475900 ms CreateObjectMapping: 0.084800 ms MarkObjects: 2.672700 ms  DeleteObjects: 0.171900 ms)

AssetImportWorkerClient::OnTransportError - code=2 error=End of file
